This is pdfTeX, Version 3.141592653-2.6-1.40.24 (TeX Live 2022) (preloaded format=pdflatex 2022.10.26)  10 JUN 2023 15:00
entering extended mode
 restricted \write18 enabled.
 %&-line parsing enabled.
**zavrsni.tex
(./zavrsni.tex
LaTeX2e <2022-06-01> patch level 5
L3 programming layer <2022-09-28> (./fer.cls
Document Class: fer 
(c:/texlive/2022/texmf-dist/tex/latex/base/report.cls
Document Class: report 2021/10/04 v1.4n Standard LaTeX document class
(c:/texlive/2022/texmf-dist/tex/latex/base/size12.clo
File: size12.clo 2021/10/04 v1.4n Standard LaTeX file (size option)
)
\c@part=\count185
\c@chapter=\count186
\c@section=\count187
\c@subsection=\count188
\c@subsubsection=\count189
\c@paragraph=\count190
\c@subparagraph=\count191
\c@figure=\count192
\c@table=\count193
\abovecaptionskip=\skip47
\belowcaptionskip=\skip48
\bibindent=\dimen138
)
(c:/texlive/2022/texmf-dist/tex/latex/geometry/geometry.sty
Package: geometry 2020/01/02 v5.9 Page Geometry

(c:/texlive/2022/texmf-dist/tex/latex/graphics/keyval.sty
Package: keyval 2022/05/29 v1.15 key=value parser (DPC)
\KV@toks@=\toks16
)
(c:/texlive/2022/texmf-dist/tex/generic/iftex/ifvtex.sty
Package: ifvtex 2019/10/25 v1.7 ifvtex legacy package. Use iftex instead.

(c:/texlive/2022/texmf-dist/tex/generic/iftex/iftex.sty
Package: iftex 2022/02/03 v1.0f TeX engine tests
))
\Gm@cnth=\count194
\Gm@cntv=\count195
\c@Gm@tempcnt=\count196
\Gm@bindingoffset=\dimen139
\Gm@wd@mp=\dimen140
\Gm@odd@mp=\dimen141
\Gm@even@mp=\dimen142
\Gm@layoutwidth=\dimen143
\Gm@layoutheight=\dimen144
\Gm@layouthoffset=\dimen145
\Gm@layoutvoffset=\dimen146
\Gm@dimlist=\toks17
)
(c:/texlive/2022/texmf-dist/tex/latex/base/inputenc.sty
Package: inputenc 2021/02/14 v1.3d Input encoding file
\inpenc@prehook=\toks18
\inpenc@posthook=\toks19
)
(c:/texlive/2022/texmf-dist/tex/generic/babel/babel.sty
Package: babel 2022/10/23 3.82 The Babel package
\babel@savecnt=\count197
\U@D=\dimen147
\l@unhyphenated=\language87

(c:/texlive/2022/texmf-dist/tex/generic/babel/txtbabel.def)
\bbl@readstream=\read2
\bbl@dirlevel=\count198

(c:/texlive/2022/texmf-dist/tex/generic/babel-croatian/croatian.ldf
Language: croatian 2014/03/31 v1.3m Croatian support from the babel system
))
(c:/texlive/2022/texmf-dist/tex/generic/babel/locale/hr/babel-croatian.tex
Package babel Info: Importing font and identification data for croatian
(babel)             from babel-hr.ini. Reported on input line 11.
)
(c:/texlive/2022/texmf-dist/tex/latex/base/fontenc.sty
Package: fontenc 2021/04/29 v2.0v Standard LaTeX package
)
(c:/texlive/2022/texmf-dist/tex/latex/graphics/graphicx.sty
Package: graphicx 2021/09/16 v1.2d Enhanced LaTeX Graphics (DPC,SPQR)

(c:/texlive/2022/texmf-dist/tex/latex/graphics/graphics.sty
Package: graphics 2022/03/10 v1.4e Standard LaTeX Graphics (DPC,SPQR)

(c:/texlive/2022/texmf-dist/tex/latex/graphics/trig.sty
Package: trig 2021/08/11 v1.11 sin cos tan (DPC)
)
(c:/texlive/2022/texmf-dist/tex/latex/graphics-cfg/graphics.cfg
File: graphics.cfg 2016/06/04 v1.11 sample graphics configuration
)
Package graphics Info: Driver file: pdftex.def on input line 107.

(c:/texlive/2022/texmf-dist/tex/latex/graphics-def/pdftex.def
File: pdftex.def 2022/09/22 v1.2b Graphics/color driver for pdftex
\stockwidth=\dimen148
\stockheight=\dimen149
))
\Gin@req@height=\dimen150
\Gin@req@width=\dimen151
)
(c:/texlive/2022/texmf-dist/tex/latex/amsfonts/amssymb.sty
Package: amssymb 2013/01/14 v3.01 AMS font symbols

(c:/texlive/2022/texmf-dist/tex/latex/amsfonts/amsfonts.sty
Package: amsfonts 2013/01/14 v3.01 Basic AMSFonts support
\@emptytoks=\toks20
\symAMSa=\mathgroup4
\symAMSb=\mathgroup5
LaTeX Font Info:    Redeclaring math symbol \hbar on input line 98.
LaTeX Font Info:    Overwriting math alphabet `\mathfrak' in version `bold'
(Font)                  U/euf/m/n --> U/euf/b/n on input line 106.
))
(c:/texlive/2022/texmf-dist/tex/latex/amsmath/amsmath.sty
Package: amsmath 2022/04/08 v2.17n AMS math features
\@mathmargin=\skip49

For additional information on amsmath, use the `?' option.
(c:/texlive/2022/texmf-dist/tex/latex/amsmath/amstext.sty
Package: amstext 2021/08/26 v2.01 AMS text

(c:/texlive/2022/texmf-dist/tex/latex/amsmath/amsgen.sty
File: amsgen.sty 1999/11/30 v2.0 generic functions
\@emptytoks=\toks21
\ex@=\dimen152
))
(c:/texlive/2022/texmf-dist/tex/latex/amsmath/amsbsy.sty
Package: amsbsy 1999/11/29 v1.2d Bold Symbols
\pmbraise@=\dimen153
)
(c:/texlive/2022/texmf-dist/tex/latex/amsmath/amsopn.sty
Package: amsopn 2022/04/08 v2.04 operator names
)
\inf@bad=\count199
LaTeX Info: Redefining \frac on input line 234.
\uproot@=\count266
\leftroot@=\count267
LaTeX Info: Redefining \overline on input line 399.
LaTeX Info: Redefining \colon on input line 410.
\classnum@=\count268
\DOTSCASE@=\count269
LaTeX Info: Redefining \ldots on input line 496.
LaTeX Info: Redefining \dots on input line 499.
LaTeX Info: Redefining \cdots on input line 620.
\Mathstrutbox@=\box51
\strutbox@=\box52
LaTeX Info: Redefining \big on input line 722.
LaTeX Info: Redefining \Big on input line 723.
LaTeX Info: Redefining \bigg on input line 724.
LaTeX Info: Redefining \Bigg on input line 725.
\big@size=\dimen154
LaTeX Font Info:    Redeclaring font encoding OML on input line 743.
LaTeX Font Info:    Redeclaring font encoding OMS on input line 744.
\macc@depth=\count270
LaTeX Info: Redefining \bmod on input line 905.
LaTeX Info: Redefining \pmod on input line 910.
LaTeX Info: Redefining \smash on input line 940.
LaTeX Info: Redefining \relbar on input line 970.
LaTeX Info: Redefining \Relbar on input line 971.
\c@MaxMatrixCols=\count271
\dotsspace@=\muskip16
\c@parentequation=\count272
\dspbrk@lvl=\count273
\tag@help=\toks22
\row@=\count274
\column@=\count275
\maxfields@=\count276
\andhelp@=\toks23
\eqnshift@=\dimen155
\alignsep@=\dimen156
\tagshift@=\dimen157
\tagwidth@=\dimen158
\totwidth@=\dimen159
\lineht@=\dimen160
\@envbody=\toks24
\multlinegap=\skip50
\multlinetaggap=\skip51
\mathdisplay@stack=\toks25
LaTeX Info: Redefining \[ on input line 2953.
LaTeX Info: Redefining \] on input line 2954.
)
(c:/texlive/2022/texmf-dist/tex/latex/base/fixltx2e.sty
Package: fixltx2e 2016/12/29 v2.1a fixes to LaTeX (obsolete)
Applying: [2015/01/01] Old fixltx2e package on input line 46.


Package fixltx2e Warning: fixltx2e is not required with releases after 2015
(fixltx2e)                All fixes are now in the LaTeX kernel.
(fixltx2e)                See the latexrelease package for details.

Already applied: [0000/00/00] Old fixltx2e package on input line 53.
) (c:/texlive/2022/texmf-dist/tex/latex/caption/caption.sty
Package: caption 2022/03/01 v3.6b Customizing captions (AR)

(c:/texlive/2022/texmf-dist/tex/latex/caption/caption3.sty
Package: caption3 2022/03/17 v2.3b caption3 kernel (AR)
\caption@tempdima=\dimen161
\captionmargin=\dimen162
\caption@leftmargin=\dimen163
\caption@rightmargin=\dimen164
\caption@width=\dimen165
\caption@indent=\dimen166
\caption@parindent=\dimen167
\caption@hangindent=\dimen168
Package caption Info: Standard document class detected.
)
\c@caption@flags=\count277
\c@continuedfloat=\count278
)
(c:/texlive/2022/texmf-dist/tex/latex/base/ifthen.sty
Package: ifthen 2022/04/13 v1.1d Standard LaTeX ifthen package (DPC)
)
(c:/texlive/2022/texmf-dist/tex/latex/url/url.sty
\Urlmuskip=\muskip17
Package: url 2013/09/16  ver 3.4  Verb mode for urls, etc.
)
(c:/texlive/2022/texmf-dist/tex/latex/enumitem/enumitem.sty
Package: enumitem 2019/06/20 v3.9 Customized lists
\labelindent=\skip52
\enit@outerparindent=\dimen169
\enit@toks=\toks26
\enit@inbox=\box53
\enit@count@id=\count279
\enitdp@description=\count280
)
(c:/texlive/2022/texmf-dist/tex/latex/tocbibind/tocbibind.sty
Package: tocbibind 2010/10/13 v1.5k extra ToC listings
Package tocbibind Info: The document has chapter divisions on input line 50.


Package tocbibind Note: Using chapter style headings, unless overridden.

) (c:/texlive/2022/texmf-dist/tex/latex/psnfss/times.sty
Package: times 2020/03/25 PSNFSS-v9.3 (SPQR) 
)
(c:/texlive/2022/texmf-dist/tex/latex/natbib/natbib.sty
Package: natbib 2010/09/13 8.31b (PWD, AO)
\bibhang=\skip53
\bibsep=\skip54
LaTeX Info: Redefining \cite on input line 694.
\c@NAT@ctr=\count281
)
\listindentation=\dimen170
)
(c:/texlive/2022/texmf-dist/tex/latex/booktabs/booktabs.sty
Package: booktabs 2020/01/12 v1.61803398 Publication quality tables
\heavyrulewidth=\dimen171
\lightrulewidth=\dimen172
\cmidrulewidth=\dimen173
\belowrulesep=\dimen174
\belowbottomsep=\dimen175
\aboverulesep=\dimen176
\abovetopsep=\dimen177
\cmidrulesep=\dimen178
\cmidrulekern=\dimen179
\defaultaddspace=\dimen180
\@cmidla=\count282
\@cmidlb=\count283
\@aboverulesep=\dimen181
\@belowrulesep=\dimen182
\@thisruleclass=\count284
\@lastruleclass=\count285
\@thisrulewidth=\dimen183
)
(c:/texlive/2022/texmf-dist/tex/latex/caption/subcaption.sty
Package: subcaption 2022/01/07 v1.5 Sub-captions (AR)
\c@subfigure=\count286
\c@subtable=\count287
)
(c:/texlive/2022/texmf-dist/tex/latex/algorithms/algorithm.sty
Package: algorithm 2009/08/24 v0.1 Document Style `algorithm' - floating enviro
nment

(c:/texlive/2022/texmf-dist/tex/latex/float/float.sty
Package: float 2001/11/08 v1.3d Float enhancements (AL)
\c@float@type=\count288
\float@exts=\toks27
\float@box=\box54
\@float@everytoks=\toks28
\@floatcapt=\box55
)
\@float@every@algorithm=\toks29
\c@algorithm=\count289
)
(c:/texlive/2022/texmf-dist/tex/latex/algorithmicx/algpseudocode.sty
Package: algpseudocode 

(c:/texlive/2022/texmf-dist/tex/latex/algorithmicx/algorithmicx.sty
Package: algorithmicx 2005/04/27 v1.2 Algorithmicx

Document Style algorithmicx 1.2 - a greatly improved `algorithmic' style
\c@ALG@line=\count290
\c@ALG@rem=\count291
\c@ALG@nested=\count292
\ALG@tlm=\skip55
\ALG@thistlm=\skip56
\c@ALG@Lnr=\count293
\c@ALG@blocknr=\count294
\c@ALG@storecount=\count295
\c@ALG@tmpcounter=\count296
\ALG@tmplength=\skip57
)
Document Style - pseudocode environments for use with the `algorithmicx' style
) (c:/texlive/2022/texmf-dist/tex/latex/pdfpages/pdfpages.sty
Package: pdfpages 2022/10/09 v0.5w Insert pages of external PDF documents (AM)

(c:/texlive/2022/texmf-dist/tex/latex/tools/calc.sty
Package: calc 2017/05/25 v4.3 Infix arithmetic (KKT,FJ)
\calc@Acount=\count297
\calc@Bcount=\count298
\calc@Adimen=\dimen184
\calc@Bdimen=\dimen185
\calc@Askip=\skip58
\calc@Bskip=\skip59
LaTeX Info: Redefining \setlength on input line 80.
LaTeX Info: Redefining \addtolength on input line 81.
\calc@Ccount=\count299
\calc@Cskip=\skip60
)
(c:/texlive/2022/texmf-dist/tex/latex/eso-pic/eso-pic.sty
Package: eso-pic 2020/10/14 v3.0a eso-pic (RN)
\ESO@tempdima=\dimen186
\ESO@tempdimb=\dimen187

(c:/texlive/2022/texmf-dist/tex/latex/xcolor/xcolor.sty
Package: xcolor 2022/06/12 v2.14 LaTeX color extensions (UK)

(c:/texlive/2022/texmf-dist/tex/latex/graphics-cfg/color.cfg
File: color.cfg 2016/01/02 v1.6 sample color configuration
)
Package xcolor Info: Driver file: pdftex.def on input line 227.

(c:/texlive/2022/texmf-dist/tex/latex/graphics/mathcolor.ltx)
Package xcolor Info: Model `cmy' substituted by `cmy0' on input line 1353.
Package xcolor Info: Model `hsb' substituted by `rgb' on input line 1357.
Package xcolor Info: Model `RGB' extended on input line 1369.
Package xcolor Info: Model `HTML' substituted by `rgb' on input line 1371.
Package xcolor Info: Model `Hsb' substituted by `hsb' on input line 1372.
Package xcolor Info: Model `tHsb' substituted by `hsb' on input line 1373.
Package xcolor Info: Model `HSB' substituted by `hsb' on input line 1374.
Package xcolor Info: Model `Gray' substituted by `gray' on input line 1375.
Package xcolor Info: Model `wave' substituted by `hsb' on input line 1376.
))
\AM@pagewidth=\dimen188
\AM@pageheight=\dimen189
\AM@fboxrule=\dimen190

(c:/texlive/2022/texmf-dist/tex/latex/pdfpages/pppdftex.def
File: pppdftex.def 2022/10/09 v0.5w Pdfpages driver for pdfTeX (AM)
)
\pdfpages@includegraphics@status=\count300
\AM@pagebox=\box56
\AM@global@opts=\toks30
\AM@pagecnt=\count301
\AM@toc@title=\toks31
\c@AM@survey=\count302
\AM@templatesizebox=\box57
)
LaTeX Font Info:    Trying to load font information for T1+ptm on input line 9.


(c:/texlive/2022/texmf-dist/tex/latex/psnfss/t1ptm.fd
File: t1ptm.fd 2001/06/04 font definitions for T1/ptm.
)
(c:/texlive/2022/texmf-dist/tex/latex/l3backend/l3backend-pdftex.def
File: l3backend-pdftex.def 2022-09-28 L3 backend support: PDF output (pdfTeX)
\l__color_backend_stack_int=\count303
\l__pdf_internal_box=\box58
)
(./zavrsni.aux)
\openout1 = `zavrsni.aux'.

LaTeX Font Info:    Checking defaults for OML/cmm/m/it on input line 9.
LaTeX Font Info:    ... okay on input line 9.
LaTeX Font Info:    Checking defaults for OMS/cmsy/m/n on input line 9.
LaTeX Font Info:    ... okay on input line 9.
LaTeX Font Info:    Checking defaults for OT1/cmr/m/n on input line 9.
LaTeX Font Info:    ... okay on input line 9.
LaTeX Font Info:    Checking defaults for T1/cmr/m/n on input line 9.
LaTeX Font Info:    ... okay on input line 9.
LaTeX Font Info:    Checking defaults for TS1/cmr/m/n on input line 9.
LaTeX Font Info:    ... okay on input line 9.
LaTeX Font Info:    Checking defaults for OMX/cmex/m/n on input line 9.
LaTeX Font Info:    ... okay on input line 9.
LaTeX Font Info:    Checking defaults for U/cmr/m/n on input line 9.
LaTeX Font Info:    ... okay on input line 9.

*geometry* driver: auto-detecting
*geometry* detected driver: pdftex
*geometry* verbose mode - [ preamble ] result:
* driver: pdftex
* paper: a4paper
* layout: <same size as paper>
* layoutoffset:(h,v)=(0.0pt,0.0pt)
* modes: 
* h-part:(L,W,R)=(99.58464pt, 412.56497pt, 85.35826pt)
* v-part:(T,H,B)=(85.35826pt, 674.33032pt, 85.35826pt)
* \paperwidth=597.50787pt
* \paperheight=845.04684pt
* \textwidth=412.56497pt
* \textheight=674.33032pt
* \oddsidemargin=27.31465pt
* \evensidemargin=27.31465pt
* \topmargin=-23.91173pt
* \headheight=12.0pt
* \headsep=25.0pt
* \topskip=12.0pt
* \footskip=30.0pt
* \marginparwidth=44.0pt
* \marginparsep=10.0pt
* \columnsep=10.0pt
* \skip\footins=10.8pt plus 4.0pt minus 2.0pt
* \hoffset=0.0pt
* \voffset=0.0pt
* \mag=1000
* \@twocolumnfalse
* \@twosidefalse
* \@mparswitchfalse
* \@reversemarginfalse
* (1in=72.27pt=25.4mm, 1cm=28.453pt)

(c:/texlive/2022/texmf-dist/tex/context/base/mkii/supp-pdf.mkii
[Loading MPS to PDF converter (version 2006.09.02).]
\scratchcounter=\count304
\scratchdimen=\dimen191
\scratchbox=\box59
\nofMPsegments=\count305
\nofMParguments=\count306
\everyMPshowfont=\toks32
\MPscratchCnt=\count307
\MPscratchDim=\dimen192
\MPnumerator=\count308
\makeMPintoPDFobject=\count309
\everyMPtoPDFconversion=\toks33
) (c:/texlive/2022/texmf-dist/tex/latex/epstopdf-pkg/epstopdf-base.sty
Package: epstopdf-base 2020-01-24 v2.11 Base part for package epstopdf
Package epstopdf-base Info: Redefining graphics rule for `.eps' on input line 4
85.

(c:/texlive/2022/texmf-dist/tex/latex/latexconfig/epstopdf-sys.cfg
File: epstopdf-sys.cfg 2010/07/13 v1.3 Configuration of (r)epstopdf for TeX Liv
e
))
Package caption Info: Begin \AtBeginDocument code.
Package caption Info: float package is loaded.
Package caption Info: End \AtBeginDocument code.

(c:/texlive/2022/texmf-dist/tex/latex/pdflscape/pdflscape.sty
Package: pdflscape 2019/12/05 v0.12 Display of landscape pages in PDF (HO)

(c:/texlive/2022/texmf-dist/tex/latex/graphics/lscape.sty
Package: lscape 2020/05/28 v3.02 Landscape Pages (DPC)
)
Package pdflscape Info: Auto-detected driver: pdftex on input line 81.
)
LaTeX Font Info:    Trying to load font information for T1+phv on input line 20
.

(c:/texlive/2022/texmf-dist/tex/latex/psnfss/t1phv.fd
File: t1phv.fd 2020/03/25 scalable font definitions for T1/phv.
)
LaTeX Font Info:    Font shape `T1/phv/b/it' in size <24.88> not available
(Font)              Font shape `T1/phv/b/sl' tried instead on input line 20.
LaTeX Font Info:    Trying to load font information for U+msa on input line 20.


(c:/texlive/2022/texmf-dist/tex/latex/amsfonts/umsa.fd
File: umsa.fd 2013/01/14 v3.01 AMS symbols A
)
LaTeX Font Info:    Trying to load font information for U+msb on input line 20.


(c:/texlive/2022/texmf-dist/tex/latex/amsfonts/umsb.fd
File: umsb.fd 2013/01/14 v3.01 AMS symbols B
) [1

{c:/texlive/2022/texmf-var/fonts/map/pdftex/updmap/pdftex.map}]
<hr_0036532743_73.pdf, id=9, 598.235pt x 845.1575pt>
File: hr_0036532743_73.pdf Graphic file (type pdf)
<use hr_0036532743_73.pdf>
Package pdftex.def Info: hr_0036532743_73.pdf  used on input line 23.
(pdftex.def)             Requested size: 598.23354pt x 845.15544pt.
File: hr_0036532743_73.pdf Graphic file (type pdf)
<use hr_0036532743_73.pdf>
Package pdftex.def Info: hr_0036532743_73.pdf  used on input line 23.
(pdftex.def)             Requested size: 598.23354pt x 845.15544pt.
<hr_0036532743_73.pdf, id=12, page=1, 598.235pt x 845.1575pt>
File: hr_0036532743_73.pdf Graphic file (type pdf)
<use hr_0036532743_73.pdf, page 1>
Package pdftex.def Info: hr_0036532743_73.pdf , page1 used on input line 23.
(pdftex.def)             Requested size: 598.23354pt x 845.15544pt.
File: hr_0036532743_73.pdf Graphic file (type pdf)
<use hr_0036532743_73.pdf, page 1>
Package pdftex.def Info: hr_0036532743_73.pdf , page1 used on input line 23.
(pdftex.def)             Requested size: 597.7406pt x 844.45905pt.
File: hr_0036532743_73.pdf Graphic file (type pdf)
<use hr_0036532743_73.pdf, page 1>
Package pdftex.def Info: hr_0036532743_73.pdf , page1 used on input line 23.
(pdftex.def)             Requested size: 597.7406pt x 844.45905pt.
File: hr_0036532743_73.pdf Graphic file (type pdf)
<use hr_0036532743_73.pdf, page 1>
Package pdftex.def Info: hr_0036532743_73.pdf , page1 used on input line 23.
(pdftex.def)             Requested size: 597.7406pt x 844.45905pt.
File: hr_0036532743_73.pdf Graphic file (type pdf)
<use hr_0036532743_73.pdf, page 1>
Package pdftex.def Info: hr_0036532743_73.pdf , page1 used on input line 23.
(pdftex.def)             Requested size: 597.7406pt x 844.45905pt.
 [1 <./hr_0036532743_73.pdf>]
Underfull \hbox (badness 10000) in paragraph at lines 31--31

 []

[3] (./zavrsni.toc [4

])
\tf@toc=\write3
\openout3 = `zavrsni.toc'.

 [5]
Poglavlje 1.
(./uvod.tex) [1

]
Poglavlje 2.
(./2048.tex
<./resursi/slike/originalni_2048.jpg, id=46, 566.115pt x 541.42274pt>
File: ./resursi/slike/originalni_2048.jpg Graphic file (type jpg)
<use ./resursi/slike/originalni_2048.jpg>
Package pdftex.def Info: ./resursi/slike/originalni_2048.jpg  used on input lin
e 12.
(pdftex.def)             Requested size: 185.65236pt x 170.7143pt.
<./resursi/slike/originalni_2048_2.jpg, id=47, 563.10374pt x 538.4115pt>
File: ./resursi/slike/originalni_2048_2.jpg Graphic file (type jpg)
<use ./resursi/slike/originalni_2048_2.jpg>
Package pdftex.def Info: ./resursi/slike/originalni_2048_2.jpg  used on input l
ine 16.
(pdftex.def)             Requested size: 185.65295pt x 170.70961pt.

Overfull \hbox (2.28003pt too wide) in paragraph at lines 11--19
[][] [] 
 []


LaTeX Warning: `h' float specifier changed to `ht'.

[2

]
<./resursi/slike/originalni_2048_spajanje.jpg, id=53, 563.10374pt x 539.01375pt
>
File: ./resursi/slike/originalni_2048_spajanje.jpg Graphic file (type jpg)
<use ./resursi/slike/originalni_2048_spajanje.jpg>
Package pdftex.def Info: ./resursi/slike/originalni_2048_spajanje.jpg  used on 
input line 26.
(pdftex.def)             Requested size: 206.28249pt x 197.45804pt.
<./resursi/slike/originalni_2048_end.jpg, id=54, 554.67226pt x 539.01375pt>
File: ./resursi/slike/originalni_2048_end.jpg Graphic file (type jpg)
<use ./resursi/slike/originalni_2048_end.jpg>
Package pdftex.def Info: ./resursi/slike/originalni_2048_end.jpg  used on input
 line 33.
(pdftex.def)             Requested size: 206.28249pt x 200.46004pt.
 [3 <./resursi/slike/originalni_2048.JPG> <./resursi/slike/originalni_2048_2.JP
G> <./resursi/slike/originalni_2048_spajanje.JPG>] [4 <./resursi/slike/original
ni_2048_end.JPG>]
<./resursi/slike/nas_2048.jpg, id=61, 439.6425pt x 422.17725pt>
File: ./resursi/slike/nas_2048.jpg Graphic file (type jpg)
<use ./resursi/slike/nas_2048.jpg>
Package pdftex.def Info: ./resursi/slike/nas_2048.jpg  used on input line 48.
(pdftex.def)             Requested size: 185.64813pt x 170.71672pt.
<./resursi/slike/nas_2048_2.jpg, id=62, 439.04025pt x 423.38174pt>
File: ./resursi/slike/nas_2048_2.jpg Graphic file (type jpg)
<use ./resursi/slike/nas_2048_2.jpg>
Package pdftex.def Info: ./resursi/slike/nas_2048_2.jpg  used on input line 52.

(pdftex.def)             Requested size: 185.65509pt x 170.71281pt.

Overfull \hbox (2.28003pt too wide) in paragraph at lines 47--55
[][] [] 
 []

<./resursi/slike/nas_2048_spajanje.jpg, id=63, 439.04025pt x 422.17725pt>
File: ./resursi/slike/nas_2048_spajanje.jpg Graphic file (type jpg)
<use ./resursi/slike/nas_2048_spajanje.jpg>
Package pdftex.def Info: ./resursi/slike/nas_2048_spajanje.jpg  used on input l
ine 61.
(pdftex.def)             Requested size: 206.28249pt x 198.3589pt.
[5 <./resursi/slike/nas_2048.JPG> <./resursi/slike/nas_2048_2.JPG> <./resursi/s
like/nas_2048_spajanje.JPG>]) [6]
Poglavlje 3.
(./genetsko_programiranje.tex
<./resursi/slike/fgtGP_tree.jpg, id=70, 421.575pt x 246.9225pt>
File: ./resursi/slike/fgtGP_tree.jpg Graphic file (type jpg)
<use ./resursi/slike/fgtGP_tree.jpg>
Package pdftex.def Info: ./resursi/slike/fgtGP_tree.jpg  used on input line 22.

(pdftex.def)             Requested size: 206.28249pt x 120.82352pt.


LaTeX Warning: `h' float specifier changed to `ht'.

[7

]
<./resursi/slike/fgtGP_crossover.jpg, id=74, 437.38406pt x 274.77657pt>
File: ./resursi/slike/fgtGP_crossover.jpg Graphic file (type jpg)
<use ./resursi/slike/fgtGP_crossover.jpg>
Package pdftex.def Info: ./resursi/slike/fgtGP_crossover.jpg  used on input lin
e 38.
(pdftex.def)             Requested size: 288.79422pt x 181.42854pt.


LaTeX Warning: `h' float specifier changed to `ht'.

[8 <./resursi/slike/fgtGP_tree.JPG>]
<./resursi/slike/fgtGP_mutation.jpg, id=79, 420.06938pt x 264.99pt>
File: ./resursi/slike/fgtGP_mutation.jpg Graphic file (type jpg)
<use ./resursi/slike/fgtGP_mutation.jpg>
Package pdftex.def Info: ./resursi/slike/fgtGP_mutation.jpg  used on input line
 46.
(pdftex.def)             Requested size: 288.79422pt x 182.18018pt.
 [9 <./resursi/slike/fgtGP_crossover.JPG> <./resursi/slike/fgtGP_mutation.JPG>]
) [10]
Poglavlje 4.
(./cgp.tex
<./resursi/slike/cgp_mreza.jpg, id=86, 877.77937pt x 472.76625pt>
File: ./resursi/slike/cgp_mreza.jpg Graphic file (type jpg)
<use ./resursi/slike/cgp_mreza.jpg>
Package pdftex.def Info: ./resursi/slike/cgp_mreza.jpg  used on input line 6.
(pdftex.def)             Requested size: 371.30595pt x 199.9888pt.
<./resursi/slike/cgp_wide.jpg, id=87, 185.19188pt x 160.34906pt>
File: ./resursi/slike/cgp_wide.jpg Graphic file (type jpg)
<use ./resursi/slike/cgp_wide.jpg>
Package pdftex.def Info: ./resursi/slike/cgp_wide.jpg  used on input line 13.
(pdftex.def)             Requested size: 185.65297pt x 160.74992pt.
<./resursi/slike/cgp_deep.jpg, id=88, 228.10219pt x 121.95563pt>
File: ./resursi/slike/cgp_deep.jpg Graphic file (type jpg)
<use ./resursi/slike/cgp_deep.jpg>
Package pdftex.def Info: ./resursi/slike/cgp_deep.jpg  used on input line 17.
(pdftex.def)             Requested size: 185.65297pt x 99.26175pt.

Overfull \hbox (2.28003pt too wide) in paragraph at lines 12--20
[][] [] 
 []


LaTeX Warning: `h' float specifier changed to `ht'.

[11

 <./resursi/slike/cgp_mreza.JPG>]
<./resursi/slike/cgp_chain.jpg, id=92, 358.33875pt x 164.11313pt>
File: ./resursi/slike/cgp_chain.jpg Graphic file (type jpg)
<use ./resursi/slike/cgp_chain.jpg>
Package pdftex.def Info: ./resursi/slike/cgp_chain.jpg  used on input line 28.
(pdftex.def)             Requested size: 371.30595pt x 170.06259pt.
 [12 <./resursi/slike/cgp_wide.JPG> <./resursi/slike/cgp_deep.JPG> <./resursi/s
like/cgp_chain.JPG>]
<./resursi/slike/cgp_mreza_zadana_a.jpg, id=96, 858.20625pt x 325.215pt>
File: ./resursi/slike/cgp_mreza_zadana_a.jpg Graphic file (type jpg)
<use ./resursi/slike/cgp_mreza_zadana_a.jpg>
Package pdftex.def Info: ./resursi/slike/cgp_mreza_zadana_a.jpg  used on input 
line 42.
(pdftex.def)             Requested size: 371.30595pt x 140.70813pt.
<./resursi/slike/cgp_mreza_zadana_b.jpg, id=97, 816.04875pt x 390.70969pt>
File: ./resursi/slike/cgp_mreza_zadana_b.jpg Graphic file (type jpg)
<use ./resursi/slike/cgp_mreza_zadana_b.jpg>
Package pdftex.def Info: ./resursi/slike/cgp_mreza_zadana_b.jpg  used on input 
line 47.
(pdftex.def)             Requested size: 371.30595pt x 177.77318pt.

Overfull \hbox (20.11456pt too wide) in paragraph at lines 52--60
 [][] 
 []


LaTeX Warning: `h' float specifier changed to `ht'.

[13 <./resursi/slike/cgp_mreza_zadana_a.JPG>] [14 <./resursi/slike/cgp_mreza_za
dana_b.JPG>]
Underfull \hbox (badness 10000) in paragraph at lines 92--93

 []


Overfull \hbox (17.62482pt too wide) in paragraph at lines 94--98
[][] 
 []


Underfull \hbox (badness 10000) in paragraph at lines 94--98

 []


Underfull \hbox (badness 10000) in paragraph at lines 99--100

 []

[15]
Overfull \hbox (17.62482pt too wide) in paragraph at lines 101--105
[][] 
 []


Underfull \hbox (badness 10000) in paragraph at lines 101--105

 []

[16]
Underfull \hbox (badness 10000) in paragraph at lines 113--114

 []

) [17]
Poglavlje 5.
(./selekcija.tex [18

] [19]
<./resursi/slike/proporcionalna_selekcija.jpg, id=123, 518.6878pt x 270.25969pt
>
File: ./resursi/slike/proporcionalna_selekcija.jpg Graphic file (type jpg)
<use ./resursi/slike/proporcionalna_selekcija.jpg>
Package pdftex.def Info: ./resursi/slike/proporcionalna_selekcija.jpg  used on 
input line 22.
(pdftex.def)             Requested size: 371.30595pt x 193.47751pt.
 [20 <./resursi/slike/proporcionalna_selekcija.JPG>]) [21]
Poglavlje 6.
(./krizanje.tex
<./resursi/slike/cross_1.jpg, id=131, 158.84344pt x 112.92188pt>
File: ./resursi/slike/cross_1.jpg Graphic file (type jpg)
<use ./resursi/slike/cross_1.jpg>
Package pdftex.def Info: ./resursi/slike/cross_1.jpg  used on input line 10.
(pdftex.def)             Requested size: 148.52011pt x 105.59174pt.
<./resursi/slike/cross_2.jpg, id=132, 158.09062pt x 115.18031pt>
File: ./resursi/slike/cross_2.jpg Graphic file (type jpg)
<use ./resursi/slike/cross_2.jpg>
Package pdftex.def Info: ./resursi/slike/cross_2.jpg  used on input line 14.
(pdftex.def)             Requested size: 148.52011pt x 108.215pt.
<./resursi/slike/cross_3.jpg, id=133, 164.11313pt x 120.45pt>
File: ./resursi/slike/cross_3.jpg Graphic file (type jpg)
<use ./resursi/slike/cross_3.jpg>
Package pdftex.def Info: ./resursi/slike/cross_3.jpg  used on input line 22.
(pdftex.def)             Requested size: 165.02347pt x 121.12053pt.


LaTeX Warning: `h' float specifier changed to `ht'.

<./resursi/slike/cross_4.jpg, id=134, 158.84344pt x 112.92188pt>
File: ./resursi/slike/cross_4.jpg Graphic file (type jpg)
<use ./resursi/slike/cross_4.jpg>
Package pdftex.def Info: ./resursi/slike/cross_4.jpg  used on input line 29.
(pdftex.def)             Requested size: 148.52011pt x 105.59174pt.
<./resursi/slike/cross_5.jpg, id=135, 158.84344pt x 113.67468pt>
File: ./resursi/slike/cross_5.jpg Graphic file (type jpg)
<use ./resursi/slike/cross_5.jpg>
Package pdftex.def Info: ./resursi/slike/cross_5.jpg  used on input line 33.
(pdftex.def)             Requested size: 148.52011pt x 106.29568pt.

LaTeX Warning: `h' float specifier changed to `ht'.

[22

 <./resursi/slike/cross_1.JPG> <./resursi/slike/cross_2.JPG>]) [23 <./resursi/s
like/cross_3.JPG> <./resursi/slike/cross_4.JPG> <./resursi/slike/cross_5.JPG>]
Poglavlje 7.
(./mutacija.tex
<./resursi/slike/pre_mutation.jpg, id=142, 306.54526pt x 201.75375pt>
File: ./resursi/slike/pre_mutation.jpg Graphic file (type jpg)
<use ./resursi/slike/pre_mutation.jpg>
Package pdftex.def Info: ./resursi/slike/pre_mutation.jpg  used on input line 1
1.
(pdftex.def)             Requested size: 206.28249pt x 135.76845pt.


LaTeX Warning: `h' float specifier changed to `ht'.

<./resursi/slike/post_mutation.jpg, id=143, 293.29575pt x 202.95825pt>
File: ./resursi/slike/post_mutation.jpg Graphic file (type jpg)
<use ./resursi/slike/post_mutation.jpg>
Package pdftex.def Info: ./resursi/slike/post_mutation.jpg  used on input line 
16.
(pdftex.def)             Requested size: 206.28249pt x 142.75111pt.

LaTeX Warning: `h' float specifier changed to `ht'.

[24

]) [25 <./resursi/slike/pre_mutation.JPG> <./resursi/slike/post_mutation.JPG>]
Poglavlje 8.
(./implementacija.tex [26

]
<./resursi/slike/imp_4.jpg, id=154, 248.127pt x 95.1555pt>
File: ./resursi/slike/imp_4.jpg Graphic file (type jpg)
<use ./resursi/slike/imp_4.jpg>
Package pdftex.def Info: ./resursi/slike/imp_4.jpg  used on input line 15.
(pdftex.def)             Requested size: 247.54149pt x 94.93018pt.
<./resursi/slike/fresh_start.jpg, id=155, 437.2335pt x 348.1005pt>
File: ./resursi/slike/fresh_start.jpg Graphic file (type jpg)
<use ./resursi/slike/fresh_start.jpg>
Package pdftex.def Info: ./resursi/slike/fresh_start.jpg  used on input line 29
.
(pdftex.def)             Requested size: 247.54149pt x 197.08083pt.


LaTeX Warning: `h' float specifier changed to `ht'.

<./resursi/slike/recordPop.jpg, id=156, 546.24075pt x 386.04225pt>
File: ./resursi/slike/recordPop.jpg Graphic file (type jpg)
<use ./resursi/slike/recordPop.jpg>
Package pdftex.def Info: ./resursi/slike/recordPop.jpg  used on input line 35.
(pdftex.def)             Requested size: 247.54149pt x 174.94263pt.

Underfull \hbox (badness 10000) in paragraph at lines 32--38

 []

[27 <./resursi/slike/imp_4.JPG>] [28 <./resursi/slike/fresh_start.JPG> <./resur
si/slike/recordPop.JPG>]
<./resursi/slike/cgpPlay.jpg, id=163, 403.5075pt x 510.10574pt>
File: ./resursi/slike/cgpPlay.jpg Graphic file (type jpg)
<use ./resursi/slike/cgpPlay.jpg>
Package pdftex.def Info: ./resursi/slike/cgpPlay.jpg  used on input line 48.
(pdftex.def)             Requested size: 247.54149pt x 312.9387pt.
<./resursi/slike/keep_count.jpg, id=164, 325.215pt x 448.074pt>
File: ./resursi/slike/keep_count.jpg Graphic file (type jpg)
<use ./resursi/slike/keep_count.jpg>
Package pdftex.def Info: ./resursi/slike/keep_count.jpg  used on input line 53.

(pdftex.def)             Requested size: 247.54149pt x 341.06622pt.

Underfull \hbox (badness 10000) in paragraph at lines 45--56

 []


LaTeX Warning: `h' float specifier changed to `ht'.

[29 <./resursi/slike/cgpPlay.JPG>]
<./resursi/slike/my_cgp_cross_1.jpg, id=168, 162.00525pt x 118.041pt>
File: ./resursi/slike/my_cgp_cross_1.jpg Graphic file (type jpg)
<use ./resursi/slike/my_cgp_cross_1.jpg>
Package pdftex.def Info: ./resursi/slike/my_cgp_cross_1.jpg  used on input line
 63.
(pdftex.def)             Requested size: 148.52011pt x 108.21718pt.
<./resursi/slike/my_cgp_cross_2.jpg, id=169, 165.0165pt x 119.2455pt>
File: ./resursi/slike/my_cgp_cross_2.jpg Graphic file (type jpg)
<use ./resursi/slike/my_cgp_cross_2.jpg>
Package pdftex.def Info: ./resursi/slike/my_cgp_cross_2.jpg  used on input line
 67.
(pdftex.def)             Requested size: 148.52011pt x 107.32358pt.
 [30 <./resursi/slike/keep_count.JPG>]
<./resursi/slike/crossover_point.jpg, id=173, 716.6775pt x 184.89075pt>
File: ./resursi/slike/crossover_point.jpg Graphic file (type jpg)
<use ./resursi/slike/crossover_point.jpg>
Package pdftex.def Info: ./resursi/slike/crossover_point.jpg  used on input lin
e 76.
(pdftex.def)             Requested size: 247.54149pt x 63.86072pt.
<./resursi/slike/my_cgp_mutation.jpg, id=174, 460.119pt x 513.117pt>
File: ./resursi/slike/my_cgp_mutation.jpg Graphic file (type jpg)
<use ./resursi/slike/my_cgp_mutation.jpg>
Package pdftex.def Info: ./resursi/slike/my_cgp_mutation.jpg  used on input lin
e 87.
(pdftex.def)             Requested size: 247.54149pt x 276.05339pt.


LaTeX Warning: `h' float specifier changed to `ht'.

[31 <./resursi/slike/my_cgp_cross_1.JPG> <./resursi/slike/my_cgp_cross_2.JPG> <
./resursi/slike/crossover_point.JPG>]
LaTeX Font Info:    Trying to load font information for T1+pcr on input line 92
.

(c:/texlive/2022/texmf-dist/tex/latex/psnfss/t1pcr.fd
File: t1pcr.fd 2001/06/04 font definitions for T1/pcr.
)) [32 <./resursi/slike/my_cgp_mutation.JPG>]
Poglavlje 9.
(./rezultati.tex
<./resursi/slike/graph_1.png, id=182, 505.89pt x 300.6432pt>
File: ./resursi/slike/graph_1.png Graphic file (type png)
<use ./resursi/slike/graph_1.png>
Package pdftex.def Info: ./resursi/slike/graph_1.png  used on input line 8.
(pdftex.def)             Requested size: 371.30595pt x 220.66502pt.


LaTeX Warning: `h' float specifier changed to `ht'.

[33

] [34 <./resursi/slike/graph_1.png>]
<./resursi/slike/graph_2.png, id=191, 505.89pt x 278.2395pt>
File: ./resursi/slike/graph_2.png Graphic file (type png)
<use ./resursi/slike/graph_2.png>
Package pdftex.def Info: ./resursi/slike/graph_2.png  used on input line 18.
(pdftex.def)             Requested size: 371.30595pt x 204.22124pt.
<./resursi/slike/graph_3.png, id=192, 505.89pt x 276.7941pt>
File: ./resursi/slike/graph_3.png Graphic file (type png)
<use ./resursi/slike/graph_3.png>
Package pdftex.def Info: ./resursi/slike/graph_3.png  used on input line 24.
(pdftex.def)             Requested size: 371.30595pt x 203.16034pt.
<./resursi/slike/graph_4.png, id=193, 505.89pt x 289.8027pt>
File: ./resursi/slike/graph_4.png Graphic file (type png)
<use ./resursi/slike/graph_4.png>
Package pdftex.def Info: ./resursi/slike/graph_4.png  used on input line 32.
(pdftex.def)             Requested size: 371.30595pt x 212.70836pt.
 [35 <./resursi/slike/graph_2.png> <./resursi/slike/graph_3.png>]
<./resursi/slike/graph_5.png, id=199, 505.89pt x 330.2739pt>
File: ./resursi/slike/graph_5.png Graphic file (type png)
<use ./resursi/slike/graph_5.png>
Package pdftex.def Info: ./resursi/slike/graph_5.png  used on input line 40.
(pdftex.def)             Requested size: 371.30595pt x 242.41325pt.
 [36 <./resursi/slike/graph_4.png>]) [37 <./resursi/slike/graph_5.png>]
Poglavlje 10.
(./zakljucak.tex) (./zavrsni.bbl [38

]
Underfull \hbox (badness 10000) in paragraph at lines 14--17
[]\T1/ptm/m/n/12 Gabriele Ci-rulli.  2048, 2018.  URL $\T1/pcr/m/n/12 https : /
 / github . com /
 []


Underfull \hbox (badness 8019) in paragraph at lines 41--45
[]\T1/ptm/m/n/12 Julian F. Mil-ler.  Ppsn 2014 tu-to-rial: Car-te-sian ge-ne-ti
c pro-gram-
 []

) [39

] [40] (./zavrsni.aux) ) 
Here is how much of TeX's memory you used:
 9666 strings out of 475071
 161326 string characters out of 5782907
 510414 words of memory out of 5000000
 30834 multiletter control sequences out of 15000+600000
 537165 words of font info for 100 fonts, out of 8000000 for 9000
 1141 hyphenation exceptions out of 8191
 70i,17n,77p,1112b,540s stack positions out of 10000i,1000n,20000p,200000b,200000s
{c:/texlive/2022/texmf-dist/fonts/enc/dvips/base/8r.enc
}<c:/texlive/2022/texmf-dist/fonts/type1/public/amsfonts/cm/cmmi12.pfb><c:/texl
ive/2022/texmf-dist/fonts/type1/public/amsfonts/cm/cmmi8.pfb><c:/texlive/2022/t
exmf-dist/fonts/type1/public/amsfonts/cm/cmr8.pfb><c:/texlive/2022/texmf-dist/f
onts/type1/urw/courier/ucrr8a.pfb><c:/texlive/2022/texmf-dist/fonts/type1/urw/h
elvetic/uhvb8a.pfb><c:/texlive/2022/texmf-dist/fonts/type1/urw/helvetic/uhvbo8a
.pfb><c:/texlive/2022/texmf-dist/fonts/type1/urw/helvetic/uhvr8a.pfb><c:/texliv
e/2022/texmf-dist/fonts/type1/urw/times/utmb8a.pfb><c:/texlive/2022/texmf-dist/
fonts/type1/urw/times/utmbi8a.pfb><c:/texlive/2022/texmf-dist/fonts/type1/urw/t
imes/utmr8a.pfb><c:/texlive/2022/texmf-dist/fonts/type1/urw/times/utmri8a.pfb>
Output written on zavrsni.pdf (45 pages, 1532315 bytes).
PDF statistics:
 270 PDF objects out of 1000 (max. 8388607)
 148 compressed objects within 2 object streams
 0 named destinations out of 1000 (max. 500000)
 211 words of extra memory for PDF output out of 10000 (max. 10000000)

